mode: atomic
github.com/nwprince/homelab/cmd/server/panic/exception.go:5.33,7.2 1 0
github.com/nwprince/homelab/cmd/server/routes/portfolio.go:11.48,15.2 2 1
github.com/nwprince/homelab/cmd/server/main.go:18.13,38.9 9 1
github.com/nwprince/homelab/cmd/server/main.go:43.2,43.16 1 0
github.com/nwprince/homelab/cmd/server/main.go:46.2,46.31 1 0
github.com/nwprince/homelab/cmd/server/main.go:38.9,40.3 1 0
github.com/nwprince/homelab/cmd/server/main.go:40.8,42.3 1 1
github.com/nwprince/homelab/cmd/server/main.go:43.16,45.3 1 0
github.com/nwprince/homelab/cmd/server/main.go:49.27,51.24 2 2
github.com/nwprince/homelab/cmd/server/main.go:54.2,54.17 1 2
github.com/nwprince/homelab/cmd/server/main.go:51.24,53.3 1 0
github.com/nwprince/homelab/cmd/server/main.go:57.26,59.23 2 2
github.com/nwprince/homelab/cmd/server/main.go:63.2,63.16 1 2
github.com/nwprince/homelab/cmd/server/main.go:59.23,61.3 1 0
