mode: atomic
github.com/nwprince/homelab/cmd/server/panic/exception.go:5.33,7.2 1 0
github.com/nwprince/homelab/cmd/server/routes/portfolio.go:11.48,15.2 2 1
github.com/nwprince/homelab/cmd/server/main.go:17.13,37.9 8 1
github.com/nwprince/homelab/cmd/server/main.go:42.2,42.16 1 0
github.com/nwprince/homelab/cmd/server/main.go:45.2,45.31 1 0
github.com/nwprince/homelab/cmd/server/main.go:37.9,39.3 1 0
github.com/nwprince/homelab/cmd/server/main.go:39.8,41.3 1 1
github.com/nwprince/homelab/cmd/server/main.go:42.16,44.3 1 0
github.com/nwprince/homelab/cmd/server/main.go:48.27,50.24 2 2
github.com/nwprince/homelab/cmd/server/main.go:53.2,53.17 1 2
github.com/nwprince/homelab/cmd/server/main.go:50.24,52.3 1 0
github.com/nwprince/homelab/cmd/server/main.go:56.26,58.23 2 2
github.com/nwprince/homelab/cmd/server/main.go:62.2,62.16 1 2
github.com/nwprince/homelab/cmd/server/main.go:58.23,60.3 1 0
